[debug] [2024-11-22T10:57:25.861Z] ----------------------------------------------------------------------
[debug] [2024-11-22T10:57:25.870Z] Command:       /Users/sinmi/.nodebrew/node/v21.0.0/bin/node /Users/sinmi/.nodebrew/current/bin/firebase init
[debug] [2024-11-22T10:57:25.871Z] CLI Version:   13.27.0
[debug] [2024-11-22T10:57:25.871Z] Platform:      darwin
[debug] [2024-11-22T10:57:25.871Z] Node Version:  v21.0.0
[debug] [2024-11-22T10:57:25.872Z] Time:          Fri Nov 22 2024 19:57:25 GMT+0900 (日本標準時)
[debug] [2024-11-22T10:57:25.872Z] ----------------------------------------------------------------------
[debug] 
[debug] [2024-11-22T10:57:25.956Z] > command requires scopes: ["email","openid","https://www.googleapis.com/auth/cloudplatformprojects.readonly","https://www.googleapis.com/auth/firebase","https://www.googleapis.com/auth/cloud-platform"]
[debug] [2024-11-22T10:57:25.956Z] > authorizing via signed-in user (resotas@gmail.com)
[info] 
     ######## #### ########  ######## ########     ###     ######  ########
     ##        ##  ##     ## ##       ##     ##  ##   ##  ##       ##
     ######    ##  ########  ######   ########  #########  ######  ######
     ##        ##  ##    ##  ##       ##     ## ##     ##       ## ##
     ##       #### ##     ## ######## ########  ##     ##  ######  ########

You're about to initialize a Firebase project in this directory:

  /Users/sinmi/_Site/mote-support

Before we get started, keep in mind:

  * You are initializing within an existing Firebase project directory

[info] 
=== Project Setup
[info] 
[info] First, let's associate this project directory with a Firebase project.
[info] You can create multiple project aliases by running firebase use --add, 
[info] but for now we'll just set up a default project.
[info] 
[debug] [2024-11-22T11:04:25.443Z] Checked if tokens are valid: true, expires at: 1732276582816
[debug] [2024-11-22T11:04:25.444Z] Checked if tokens are valid: true, expires at: 1732276582816
[debug] [2024-11-22T11:04:25.448Z] >>> [apiv2][query] GET https://firebase.googleapis.com/v1beta1/projects pageSize=100
[debug] [2024-11-22T11:04:26.103Z] <<< [apiv2][status] GET https://firebase.googleapis.com/v1beta1/projects 200
[debug] [2024-11-22T11:04:26.104Z] <<< [apiv2][body] GET https://firebase.googleapis.com/v1beta1/projects [omitted]
[info] i  Using project test-3f582 (test) 
[info] 
=== Dataconnect Setup
[debug] [2024-11-22T11:05:34.615Z] Checked if tokens are valid: true, expires at: 1732276582816
[debug] [2024-11-22T11:05:34.615Z] Checked if tokens are valid: true, expires at: 1732276582816
[debug] [2024-11-22T11:05:34.615Z] >>> [apiv2][query] GET https://cloudbilling.googleapis.com/v1/projects/test-3f582/billingInfo [none]
[debug] [2024-11-22T11:05:35.002Z] <<< [apiv2][status] GET https://cloudbilling.googleapis.com/v1/projects/test-3f582/billingInfo 200
[debug] [2024-11-22T11:05:35.002Z] <<< [apiv2][body] GET https://cloudbilling.googleapis.com/v1/projects/test-3f582/billingInfo {"name":"projects/test-3f582/billingInfo","projectId":"test-3f582","billingAccountName":"","billingEnabled":false}
[info] i  dataconnect: ensuring required API sqladmin.googleapis.com is enabled... 
[debug] [2024-11-22T11:05:35.004Z] Checked if tokens are valid: true, expires at: 1732276582816
[debug] [2024-11-22T11:05:35.004Z] Checked if tokens are valid: true, expires at: 1732276582816
[debug] [2024-11-22T11:05:35.004Z] >>> [apiv2][query] GET https://serviceusage.googleapis.com/v1/projects/test-3f582/services/sqladmin.googleapis.com [none]
[debug] [2024-11-22T11:05:35.004Z] >>> [apiv2][(partial)header] GET https://serviceusage.googleapis.com/v1/projects/test-3f582/services/sqladmin.googleapis.com x-goog-quota-user=projects/test-3f582
[debug] [2024-11-22T11:05:35.378Z] <<< [apiv2][status] GET https://serviceusage.googleapis.com/v1/projects/test-3f582/services/sqladmin.googleapis.com 200
[debug] [2024-11-22T11:05:35.378Z] <<< [apiv2][body] GET https://serviceusage.googleapis.com/v1/projects/test-3f582/services/sqladmin.googleapis.com [omitted]
[warn] ⚠  dataconnect: missing required API sqladmin.googleapis.com. Enabling now... 
[debug] [2024-11-22T11:05:35.379Z] Checked if tokens are valid: true, expires at: 1732276582816
[debug] [2024-11-22T11:05:35.379Z] Checked if tokens are valid: true, expires at: 1732276582816
[debug] [2024-11-22T11:05:35.379Z] >>> [apiv2][query] POST https://serviceusage.googleapis.com/v1/projects/test-3f582/services/sqladmin.googleapis.com:enable [none]
[debug] [2024-11-22T11:05:35.379Z] >>> [apiv2][(partial)header] POST https://serviceusage.googleapis.com/v1/projects/test-3f582/services/sqladmin.googleapis.com:enable x-goog-quota-user=projects/test-3f582
[debug] [2024-11-22T11:05:35.773Z] <<< [apiv2][status] POST https://serviceusage.googleapis.com/v1/projects/test-3f582/services/sqladmin.googleapis.com:enable 200
[debug] [2024-11-22T11:05:35.773Z] <<< [apiv2][body] POST https://serviceusage.googleapis.com/v1/projects/test-3f582/services/sqladmin.googleapis.com:enable [omitted]
[debug] [2024-11-22T11:05:45.775Z] Checked if tokens are valid: true, expires at: 1732276582816
[debug] [2024-11-22T11:05:45.775Z] Checked if tokens are valid: true, expires at: 1732276582816
[debug] [2024-11-22T11:05:45.775Z] >>> [apiv2][query] GET https://serviceusage.googleapis.com/v1/projects/test-3f582/services/sqladmin.googleapis.com [none]
[debug] [2024-11-22T11:05:45.775Z] >>> [apiv2][(partial)header] GET https://serviceusage.googleapis.com/v1/projects/test-3f582/services/sqladmin.googleapis.com x-goog-quota-user=projects/test-3f582
[debug] [2024-11-22T11:05:46.750Z] <<< [apiv2][status] GET https://serviceusage.googleapis.com/v1/projects/test-3f582/services/sqladmin.googleapis.com 200
[debug] [2024-11-22T11:05:46.750Z] <<< [apiv2][body] GET https://serviceusage.googleapis.com/v1/projects/test-3f582/services/sqladmin.googleapis.com [omitted]
[info] ✔  dataconnect: required API sqladmin.googleapis.com is enabled 
[info] ✔  Wrote dataconnect/dataconnect.yaml 
[info] ✔  Wrote dataconnect/schema/schema.gql 
[info] ✔  Wrote dataconnect/connector/connector.yaml 
[info] ✔  Wrote dataconnect/connector/queries.gql 
[info] ✔  Wrote dataconnect/connector/mutations.gql 
[info] ✔  Detected WEB app in directory /Users/sinmi/_Site/mote-support 
[info] i  Wrote new config to /Users/sinmi/_Site/mote-support/dataconnect/connector/connector.yaml 
[info] i  dataconnect: downloading dataconnect-emulator-1.7.3... {"metadata":{"emulator":{"name":"dataconnect"},"message":"downloading dataconnect-emulator-1.7.3..."}}
[debug] [2024-11-22T11:05:46.802Z] >>> [apiv2][query] GET https://storage.googleapis.com/firemat-preview-drop/emulator/dataconnect-emulator-macos-v1.7.3 
[debug] [2024-11-22T11:05:47.198Z] <<< [apiv2][status] GET https://storage.googleapis.com/firemat-preview-drop/emulator/dataconnect-emulator-macos-v1.7.3 200
[debug] [2024-11-22T11:05:47.198Z] <<< [apiv2][body] GET https://storage.googleapis.com/firemat-preview-drop/emulator/dataconnect-emulator-macos-v1.7.3 [stream]
[info] I1122 20:05:49.519115   20623 codegen.go:82] [connector "default" javascriptSdk] Generating sources into "/Users/sinmi/_Site/mote-support/dataconnect-generated/js/default-connector"
I1122 20:05:49.520569   20623 generate.go:40] Generated all sources. Writing them to disk...
I1122 20:05:49.522340   20623 collector.go:107] connector "default" javascriptSdk wrote into "/Users/sinmi/_Site/mote-support/dataconnect-generated/js/default-connector"
Generated sources: esm/index.esm.js [185B] esm/package.json [17B] index.cjs.js [226B] package.json [623B] index.d.ts [264B] 
I1122 20:05:49.524273   20623 installsdk.go:76] Running command: /Users/sinmi/.nodebrew/current/bin/npm install file:dataconnect-generated/js/default-connector

[info] i  Generated SDK code for default 
[info] ✔  If you'd like to add more generated SDKs to your app your later, run firebase init dataconnect:sdk again 
[info] i  If you'd like to provision a CloudSQL Postgres instance on the Firebase Data Connect no-cost trial:
1. Please upgrade to the pay-as-you-go (Blaze) billing plan. Visit the following page:
     https://console.firebase.google.com/project/test-3f582/usage/details
2. Run firebase init dataconnect again to configure the Cloud SQL instance.
3. Run firebase deploy --only dataconnect to deploy your Data Connect service. 
[info] 
=== Hosting Setup
[debug] [2024-11-22T11:06:34.152Z] Checked if tokens are valid: true, expires at: 1732276582816
[debug] [2024-11-22T11:06:34.152Z] Checked if tokens are valid: true, expires at: 1732276582816
[debug] [2024-11-22T11:06:34.157Z] >>> [apiv2][query] GET https://firebase.googleapis.com/v1beta1/projects/test-3f582 [none]
[debug] [2024-11-22T11:06:34.490Z] <<< [apiv2][status] GET https://firebase.googleapis.com/v1beta1/projects/test-3f582 200
[debug] [2024-11-22T11:06:34.490Z] <<< [apiv2][body] GET https://firebase.googleapis.com/v1beta1/projects/test-3f582 {"projectId":"test-3f582","projectNumber":"300187360736","displayName":"test","name":"projects/test-3f582","resources":{"hostingSite":"test-3f582","realtimeDatabaseInstance":"test-3f582","storageBucket":"test-3f582.appspot.com","locationId":"us-central"},"state":"ACTIVE","etag":"1_d840b9fd-ab4a-48b5-ba26-d0c2618676a9"}
[info] 
[info] Your public directory is the folder (relative to your project directory) that
[info] will contain Hosting assets to be uploaded with firebase deploy. If you
[info] have a build process for your assets, use your build's output directory.
[info] 
[debug] [2024-11-22T11:07:03.965Z] >>> [apiv2][query] GET https://www.gstatic.com/firebasejs/releases.json [none]
[debug] [2024-11-22T11:07:04.129Z] <<< [apiv2][status] GET https://www.gstatic.com/firebasejs/releases.json 200
[debug] [2024-11-22T11:07:04.129Z] <<< [apiv2][body] GET https://www.gstatic.com/firebasejs/releases.json {"current":{"version":"11.0.2","browserURL":"https://www.gstatic.com/firebasejs/11.0.2/firebase.js","packageURL":"https://www.gstatic.com/firebasejs/11.0.2/firebase.tgz"},"live":{"version":"11.0","browserURL":"https://www.gstatic.com/firebasejs/live/11.0/firebase.js","packageURL":"https://www.gstatic.com/firebasejs/live/11.0/firebase.tgz"},"components":{"analytics":"https://www.gstatic.com/firebasejs/11.0.2/firebase-analytics.js","app":"https://www.gstatic.com/firebasejs/11.0.2/firebase-app.js","app-check":"https://www.gstatic.com/firebasejs/11.0.2/firebase-app-check.js","auth":"https://www.gstatic.com/firebasejs/11.0.2/firebase-auth.js","auth/cordova":"https://www.gstatic.com/firebasejs/11.0.2/firebase-auth/cordova.js","auth/web-extension":"https://www.gstatic.com/firebasejs/11.0.2/firebase-auth/web-extension.js","functions":"https://www.gstatic.com/firebasejs/11.0.2/firebase-functions.js","firestore":"https://www.gstatic.com/firebasejs/11.0.2/firebase-firestore.js","firestore/lite":"https://www.gstatic.com/firebasejs/11.0.2/firebase-firestore/lite.js","installations":"https://www.gstatic.com/firebasejs/11.0.2/firebase-installations.js","storage":"https://www.gstatic.com/firebasejs/11.0.2/firebase-storage.js","performance":"https://www.gstatic.com/firebasejs/11.0.2/firebase-performance.js","remote-config":"https://www.gstatic.com/firebasejs/11.0.2/firebase-remote-config.js","messaging":"https://www.gstatic.com/firebasejs/11.0.2/firebase-messaging.js","messaging/sw":"https://www.gstatic.com/firebasejs/11.0.2/firebase-messaging/sw.js","database":"https://www.gstatic.com/firebasejs/11.0.2/firebase-database.js","vertexai":"https://www.gstatic.com/firebasejs/11.0.2/firebase-vertexai.js","data-connect":"https://www.gstatic.com/firebasejs/11.0.2/firebase-data-connect.js","firestore.memory":"https://www.gstatic.com/firebasejs/11.0.2/firebase-firestore.memory.js"}}
[info] ✔  Wrote vercel login/index.html 
[info] 
[info] i  Detected a .git folder at /Users/sinmi 
[info] i  Authorizing with GitHub to upload your service account to a GitHub repository's secrets store. 
[info] 
[info] Visit this URL on this device to log in:
[info] https://github.com/login/oauth/authorize?client_id=89cf50f02ac6aaed3484&state=517693727&redirect_uri=http%3A%2F%2Flocalhost%3A9005&scope=read%3Auser%20repo%20public_repo
[info] 
[info] Waiting for authentication...
